<?xml version="1.0" encoding="UTF-8"?>
<!-- Generated by org.testng.reporters.JUnitXMLReporter -->
<testsuite ignored="0" hostname="DESKTOP-P7OORB0" failures="1" tests="1" name="edgeTest" time="16.109" errors="0" timestamp="2023-02-12T22:01:25 IST">
  <testcase classname="CrossBrowser.ParallelExecutionOfDemo" name="DemoWeb" time="16.014">
    <failure type="org.openqa.selenium.SessionNotCreatedException" message="session not created: This version of Microsoft Edge WebDriver only supports Microsoft Edge version 107
Current browser version is 110.0.1587.41 with binary path C:\Program Files (x86)\Microsoft\Edge\Application\msedge.exe
Build info: version: &amp;apos;3.141.59&amp;apos;, revision: &amp;apos;e82be7d358&amp;apos;, time: &amp;apos;2018-11-14T08:25:53&amp;apos;
System info: host: &amp;apos;DESKTOP-P7OORB0&amp;apos;, ip: &amp;apos;192.168.136.1&amp;apos;, os.name: &amp;apos;Windows 10&amp;apos;, os.arch: &amp;apos;amd64&amp;apos;, os.version: &amp;apos;10.0&amp;apos;, java.version: &amp;apos;17.0.4.1&amp;apos;
Driver info: driver.version: EdgeDriver
remote stacktrace: Backtrace:
	Microsoft::Applications::Events::EventProperties::SetProperty [0x00007FF6DC7B8552+9986]
	Microsoft::Applications::Events::EventProperty::EventProperty [0x00007FF6DC755D82+1445234]
	Ordinal0 [0x00007FF6DC33FC8C+654476]
	Ordinal0 [0x00007FF6DC371811+858129]
	Ordinal0 [0x00007FF6DC36C50E+836878]
	Ordinal0 [0x00007FF6DC367992+817554]
	Ordinal0 [0x00007FF6DC3AB7C0+1095616]
	Ordinal0 [0x00007FF6DC3AAB48+1092424]
	Ordinal0 [0x00007FF6DC3A39B3+1063347]
	Ordinal0 [0x00007FF6DC37506A+872554]
	Ordinal0 [0x00007FF6DC37402E+868398]
	Ordinal0 [0x00007FF6DC37570F+874255]
	Microsoft::Applications::Events::EventProperty::EventProperty [0x00007FF6DC616108+135416]
	Microsoft::Applications::Events::EventProperty::EventProperty [0x00007FF6DC6002CF+45759]
	Microsoft::Applications::Events::EventProperty::EventProperty [0x00007FF6DC60374C+59196]
	Ordinal0 [0x00007FF6DC44B1F4+1749492]
	Microsoft::Applications::Events::EventProperty::EventProperty [0x00007FF6DC75B67A+1468010]
	Microsoft::Applications::Events::EventProperty::EventProperty [0x00007FF6DC75FF14+1486596]
	Microsoft::Applications::Events::EventProperty::EventProperty [0x00007FF6DC76006D+1486941]
	Microsoft::Applications::Events::EventProperty::EventProperty [0x00007FF6DC767E2B+1519131]
	BaseThreadInitThunk [0x00007FF977AD7614+20]
	RtlUserThreadStart [0x00007FF9794226A1+33]
">
      <![CDATA[org.openqa.selenium.SessionNotCreatedException: session not created: This version of Microsoft Edge WebDriver only supports Microsoft Edge version 107
Current browser version is 110.0.1587.41 with binary path C:\Program Files (x86)\Microsoft\Edge\Application\msedge.exe
Build info: version: '3.141.59', revision: 'e82be7d358', time: '2018-11-14T08:25:53'
System info: host: 'DESKTOP-P7OORB0', ip: '192.168.136.1', os.name: 'Windows 10', os.arch: 'amd64', os.version: '10.0', java.version: '17.0.4.1'
Driver info: driver.version: EdgeDriver
remote stacktrace: Backtrace:
Microsoft::Applications::Events::EventProperties::SetProperty [0x00007FF6DC7B8552+9986]
Microsoft::Applications::Events::EventProperty::EventProperty [0x00007FF6DC755D82+1445234]
Ordinal0 [0x00007FF6DC33FC8C+654476]
Ordinal0 [0x00007FF6DC371811+858129]
Ordinal0 [0x00007FF6DC36C50E+836878]
Ordinal0 [0x00007FF6DC367992+817554]
Ordinal0 [0x00007FF6DC3AB7C0+1095616]
Ordinal0 [0x00007FF6DC3AAB48+1092424]
Ordinal0 [0x00007FF6DC3A39B3+1063347]
Ordinal0 [0x00007FF6DC37506A+872554]
Ordinal0 [0x00007FF6DC37402E+868398]
Ordinal0 [0x00007FF6DC37570F+874255]
Microsoft::Applications::Events::EventProperty::EventProperty [0x00007FF6DC616108+135416]
Microsoft::Applications::Events::EventProperty::EventProperty [0x00007FF6DC6002CF+45759]
Microsoft::Applications::Events::EventProperty::EventProperty [0x00007FF6DC60374C+59196]
Ordinal0 [0x00007FF6DC44B1F4+1749492]
Microsoft::Applications::Events::EventProperty::EventProperty [0x00007FF6DC75B67A+1468010]
Microsoft::Applications::Events::EventProperty::EventProperty [0x00007FF6DC75FF14+1486596]
Microsoft::Applications::Events::EventProperty::EventProperty [0x00007FF6DC76006D+1486941]
Microsoft::Applications::Events::EventProperty::EventProperty [0x00007FF6DC767E2B+1519131]
BaseThreadInitThunk [0x00007FF977AD7614+20]
RtlUserThreadStart [0x00007FF9794226A1+33]

at org.openqa.selenium.remote.W3CHandshakeResponse.lambda$errorHandler$0(W3CHandshakeResponse.java:62)
at org.openqa.selenium.remote.HandshakeResponse.lambda$getResponseFunction$0(HandshakeResponse.java:30)
at org.openqa.selenium.remote.ProtocolHandshake.lambda$createSession$0(ProtocolHandshake.java:126)
at java.base/java.util.stream.ReferencePipeline$3$1.accept(ReferencePipeline.java:197)
at java.base/java.util.Spliterators$ArraySpliterator.tryAdvance(Spliterators.java:1002)
at java.base/java.util.stream.ReferencePipeline.forEachWithCancel(ReferencePipeline.java:129)
at java.base/java.util.stream.AbstractPipeline.copyIntoWithCancel(AbstractPipeline.java:527)
at java.base/java.util.stream.AbstractPipeline.copyInto(AbstractPipeline.java:513)
at java.base/java.util.stream.AbstractPipeline.wrapAndCopyInto(AbstractPipeline.java:499)
at java.base/java.util.stream.FindOps$FindOp.evaluateSequential(FindOps.java:150)
at java.base/java.util.stream.AbstractPipeline.evaluate(AbstractPipeline.java:234)
at java.base/java.util.stream.ReferencePipeline.findFirst(ReferencePipeline.java:647)
at org.openqa.selenium.remote.ProtocolHandshake.createSession(ProtocolHandshake.java:128)
at org.openqa.selenium.remote.ProtocolHandshake.createSession(ProtocolHandshake.java:74)
at org.openqa.selenium.remote.HttpCommandExecutor.execute(HttpCommandExecutor.java:136)
at org.openqa.selenium.remote.service.DriverCommandExecutor.execute(DriverCommandExecutor.java:83)
at org.openqa.selenium.remote.RemoteWebDriver.execute(RemoteWebDriver.java:552)
at org.openqa.selenium.remote.RemoteWebDriver.startSession(RemoteWebDriver.java:213)
at org.openqa.selenium.remote.RemoteWebDriver.<init>(RemoteWebDriver.java:131)
at org.openqa.selenium.edge.EdgeDriver.<init>(EdgeDriver.java:141)
at org.openqa.selenium.edge.EdgeDriver.<init>(EdgeDriver.java:96)
at CrossBrowser.ParallelExecutionOfDemo.DemoWeb(ParallelExecutionOfDemo.java:22)
at java.base/java.util.ArrayList.forEach(ArrayList.java:1511)
at java.base/java.util.concurrent.FutureTask.run(FutureTask.java:264)
at java.base/java.util.concurrent.ThreadPoolExecutor.runWorker(ThreadPoolExecutor.java:1136)
at java.base/java.util.concurrent.ThreadPoolExecutor$Worker.run(ThreadPoolExecutor.java:635)
at java.base/java.lang.Thread.run(Thread.java:833)
... Removed 23 stack frames]]>
    </failure>
  </testcase> <!-- DemoWeb -->
</testsuite> <!-- edgeTest -->
