<?xml version="1.0" encoding="UTF-8"?>
<!-- Generated by org.testng.reporters.JUnitXMLReporter -->
<testsuite ignored="3" hostname="DESKTOP-P7OORB0" failures="0" tests="2" name="Test" time="22.422" errors="0" timestamp="2023-02-10T15:16:29 IST">
  <testcase classname="GroupTestcaseExecution.TC_004_cars" name="cars" time="21.994"/>
  <testcase classname="GroupTestcaseExecution.TC_003_Tirumph" name="Tirumph" time="22.354"/>
  <testcase classname="GroupTestcaseExecution.TC_002_Bugati" name="Bugati" time="0.0">
    <ignored/>
  </testcase> <!-- Bugati -->
  <testcase classname="GroupTestcaseExecution.TC_001_BMW" name="BMW" time="0.0">
    <ignored/>
  </testcase> <!-- BMW -->
  <testcase classname="GroupTestcaseExecution.TC_005_car2" name="cars" time="0.0">
    <ignored/>
  </testcase> <!-- cars -->
</testsuite> <!-- Test -->
