<?xml version="1.0" encoding="UTF-8"?>
<testng-results ignored="0" total="3" passed="2" failed="1" skipped="0">
  <reporter-output>
    <line>
      <![CDATA[Demo Web Shop. Register]]>
    </line>
    <line>
      <![CDATA[Demo Web Shop. Register]]>
    </line>
  </reporter-output>
  <suite started-at="2023-02-11T13:08:53 IST" name="Suite" finished-at="2023-02-11T13:09:23 IST" duration-ms="30224">
    <groups>
    </groups>
    <test started-at="2023-02-11T13:08:53 IST" name="edgeTest" finished-at="2023-02-11T13:09:03 IST" duration-ms="9488">
      <class name="CrossBrowser.ParallelExecutionOfDemo">
        <test-method signature="DemoWeb(java.lang.String)[pri:0, instance:CrossBrowser.ParallelExecutionOfDemo@161479c6]" started-at="2023-02-11T13:08:53 IST" name="DemoWeb" finished-at="2023-02-11T13:09:03 IST" duration-ms="9372" status="FAIL">
          <params>
            <param index="0">
              <value>
                <![CDATA[edge]]>
              </value>
            </param>
          </params>
          <exception class="org.openqa.selenium.SessionNotCreatedException">
            <message>
              <![CDATA[session not created: This version of Microsoft Edge WebDriver only supports Microsoft Edge version 107
Current browser version is 110.0.1587.41 with binary path C:\Program Files (x86)\Microsoft\Edge\Application\msedge.exe
Build info: version: '3.141.59', revision: 'e82be7d358', time: '2018-11-14T08:25:53'
System info: host: 'DESKTOP-P7OORB0', ip: '192.168.136.1', os.name: 'Windows 10', os.arch: 'amd64', os.version: '10.0', java.version: '17.0.4.1'
Driver info: driver.version: EdgeDriver
remote stacktrace: Backtrace:
Microsoft::Applications::Events::EventProperties::SetProperty [0x00007FF721418552+9986]
Microsoft::Applications::Events::EventProperty::EventProperty [0x00007FF7213B5D82+1445234]
Ordinal0 [0x00007FF720F9FC8C+654476]
Ordinal0 [0x00007FF720FD1811+858129]
Ordinal0 [0x00007FF720FCC50E+836878]
Ordinal0 [0x00007FF720FC7992+817554]
Ordinal0 [0x00007FF72100B7C0+1095616]
Ordinal0 [0x00007FF72100AB48+1092424]
Ordinal0 [0x00007FF7210039B3+1063347]
Ordinal0 [0x00007FF720FD506A+872554]
Ordinal0 [0x00007FF720FD402E+868398]
Ordinal0 [0x00007FF720FD570F+874255]
Microsoft::Applications::Events::EventProperty::EventProperty [0x00007FF721276108+135416]
Microsoft::Applications::Events::EventProperty::EventProperty [0x00007FF7212602CF+45759]
Microsoft::Applications::Events::EventProperty::EventProperty [0x00007FF72126374C+59196]
Ordinal0 [0x00007FF7210AB1F4+1749492]
Microsoft::Applications::Events::EventProperty::EventProperty [0x00007FF7213BB67A+1468010]
Microsoft::Applications::Events::EventProperty::EventProperty [0x00007FF7213BFF14+1486596]
Microsoft::Applications::Events::EventProperty::EventProperty [0x00007FF7213C006D+1486941]
Microsoft::Applications::Events::EventProperty::EventProperty [0x00007FF7213C7E2B+1519131]
BaseThreadInitThunk [0x00007FF977AD7614+20]
RtlUserThreadStart [0x00007FF9794226A1+33]
]]>
            </message>
            <full-stacktrace>
              <![CDATA[org.openqa.selenium.SessionNotCreatedException: session not created: This version of Microsoft Edge WebDriver only supports Microsoft Edge version 107
Current browser version is 110.0.1587.41 with binary path C:\Program Files (x86)\Microsoft\Edge\Application\msedge.exe
Build info: version: '3.141.59', revision: 'e82be7d358', time: '2018-11-14T08:25:53'
System info: host: 'DESKTOP-P7OORB0', ip: '192.168.136.1', os.name: 'Windows 10', os.arch: 'amd64', os.version: '10.0', java.version: '17.0.4.1'
Driver info: driver.version: EdgeDriver
remote stacktrace: Backtrace:
Microsoft::Applications::Events::EventProperties::SetProperty [0x00007FF721418552+9986]
Microsoft::Applications::Events::EventProperty::EventProperty [0x00007FF7213B5D82+1445234]
Ordinal0 [0x00007FF720F9FC8C+654476]
Ordinal0 [0x00007FF720FD1811+858129]
Ordinal0 [0x00007FF720FCC50E+836878]
Ordinal0 [0x00007FF720FC7992+817554]
Ordinal0 [0x00007FF72100B7C0+1095616]
Ordinal0 [0x00007FF72100AB48+1092424]
Ordinal0 [0x00007FF7210039B3+1063347]
Ordinal0 [0x00007FF720FD506A+872554]
Ordinal0 [0x00007FF720FD402E+868398]
Ordinal0 [0x00007FF720FD570F+874255]
Microsoft::Applications::Events::EventProperty::EventProperty [0x00007FF721276108+135416]
Microsoft::Applications::Events::EventProperty::EventProperty [0x00007FF7212602CF+45759]
Microsoft::Applications::Events::EventProperty::EventProperty [0x00007FF72126374C+59196]
Ordinal0 [0x00007FF7210AB1F4+1749492]
Microsoft::Applications::Events::EventProperty::EventProperty [0x00007FF7213BB67A+1468010]
Microsoft::Applications::Events::EventProperty::EventProperty [0x00007FF7213BFF14+1486596]
Microsoft::Applications::Events::EventProperty::EventProperty [0x00007FF7213C006D+1486941]
Microsoft::Applications::Events::EventProperty::EventProperty [0x00007FF7213C7E2B+1519131]
BaseThreadInitThunk [0x00007FF977AD7614+20]
RtlUserThreadStart [0x00007FF9794226A1+33]

at java.base/jdk.internal.reflect.NativeConstructorAccessorImpl.newInstance0(Native Method)
at java.base/jdk.internal.reflect.NativeConstructorAccessorImpl.newInstance(NativeConstructorAccessorImpl.java:77)
at java.base/jdk.internal.reflect.DelegatingConstructorAccessorImpl.newInstance(DelegatingConstructorAccessorImpl.java:45)
at java.base/java.lang.reflect.Constructor.newInstanceWithCaller(Constructor.java:499)
at java.base/java.lang.reflect.Constructor.newInstance(Constructor.java:480)
at org.openqa.selenium.remote.W3CHandshakeResponse.lambda$errorHandler$0(W3CHandshakeResponse.java:62)
at org.openqa.selenium.remote.HandshakeResponse.lambda$getResponseFunction$0(HandshakeResponse.java:30)
at org.openqa.selenium.remote.ProtocolHandshake.lambda$createSession$0(ProtocolHandshake.java:126)
at java.base/java.util.stream.ReferencePipeline$3$1.accept(ReferencePipeline.java:197)
at java.base/java.util.Spliterators$ArraySpliterator.tryAdvance(Spliterators.java:1002)
at java.base/java.util.stream.ReferencePipeline.forEachWithCancel(ReferencePipeline.java:129)
at java.base/java.util.stream.AbstractPipeline.copyIntoWithCancel(AbstractPipeline.java:527)
at java.base/java.util.stream.AbstractPipeline.copyInto(AbstractPipeline.java:513)
at java.base/java.util.stream.AbstractPipeline.wrapAndCopyInto(AbstractPipeline.java:499)
at java.base/java.util.stream.FindOps$FindOp.evaluateSequential(FindOps.java:150)
at java.base/java.util.stream.AbstractPipeline.evaluate(AbstractPipeline.java:234)
at java.base/java.util.stream.ReferencePipeline.findFirst(ReferencePipeline.java:647)
at org.openqa.selenium.remote.ProtocolHandshake.createSession(ProtocolHandshake.java:128)
at org.openqa.selenium.remote.ProtocolHandshake.createSession(ProtocolHandshake.java:74)
at org.openqa.selenium.remote.HttpCommandExecutor.execute(HttpCommandExecutor.java:136)
at org.openqa.selenium.remote.service.DriverCommandExecutor.execute(DriverCommandExecutor.java:83)
at org.openqa.selenium.remote.RemoteWebDriver.execute(RemoteWebDriver.java:552)
at org.openqa.selenium.remote.RemoteWebDriver.startSession(RemoteWebDriver.java:213)
at org.openqa.selenium.remote.RemoteWebDriver.<init>(RemoteWebDriver.java:131)
at org.openqa.selenium.edge.EdgeDriver.<init>(EdgeDriver.java:141)
at org.openqa.selenium.edge.EdgeDriver.<init>(EdgeDriver.java:96)
at CrossBrowser.ParallelExecutionOfDemo.DemoWeb(ParallelExecutionOfDemo.java:22)
at java.base/jdk.internal.reflect.NativeMethodAccessorImpl.invoke0(Native Method)
at java.base/jdk.internal.reflect.NativeMethodAccessorImpl.invoke(NativeMethodAccessorImpl.java:77)
at java.base/jdk.internal.reflect.DelegatingMethodAccessorImpl.invoke(DelegatingMethodAccessorImpl.java:43)
at java.base/java.lang.reflect.Method.invoke(Method.java:568)
at org.testng.internal.MethodInvocationHelper.invokeMethod(MethodInvocationHelper.java:132)
at org.testng.internal.TestInvoker.invokeMethod(TestInvoker.java:599)
at org.testng.internal.TestInvoker.invokeTestMethod(TestInvoker.java:174)
at org.testng.internal.MethodRunner.runInSequence(MethodRunner.java:46)
at org.testng.internal.TestInvoker$MethodInvocationAgent.invoke(TestInvoker.java:822)
at org.testng.internal.TestInvoker.invokeTestMethods(TestInvoker.java:147)
at org.testng.internal.TestMethodWorker.invokeTestMethods(TestMethodWorker.java:146)
at org.testng.internal.TestMethodWorker.run(TestMethodWorker.java:128)
at java.base/java.util.ArrayList.forEach(ArrayList.java:1511)
at org.testng.TestRunner.privateRun(TestRunner.java:764)
at org.testng.TestRunner.run(TestRunner.java:585)
at org.testng.SuiteRunner.runTest(SuiteRunner.java:384)
at org.testng.SuiteRunner.access$000(SuiteRunner.java:28)
at org.testng.SuiteRunner$SuiteWorker.run(SuiteRunner.java:425)
at org.testng.internal.thread.ThreadUtil.lambda$execute$0(ThreadUtil.java:66)
at java.base/java.util.concurrent.FutureTask.run(FutureTask.java:264)
at java.base/java.util.concurrent.ThreadPoolExecutor.runWorker(ThreadPoolExecutor.java:1136)
at java.base/java.util.concurrent.ThreadPoolExecutor$Worker.run(ThreadPoolExecutor.java:635)
at java.base/java.lang.Thread.run(Thread.java:833)
]]>
            </full-stacktrace>
          </exception> <!-- org.openqa.selenium.SessionNotCreatedException -->
          <reporter-output>
          </reporter-output>
        </test-method> <!-- DemoWeb -->
      </class> <!-- CrossBrowser.ParallelExecutionOfDemo -->
    </test> <!-- edgeTest -->
    <test started-at="2023-02-11T13:08:53 IST" name="chromeTest" finished-at="2023-02-11T13:09:08 IST" duration-ms="14867">
      <class name="CrossBrowser.ParallelExecutionOfDemo">
        <test-method signature="DemoWeb(java.lang.String)[pri:0, instance:CrossBrowser.ParallelExecutionOfDemo@124c278f]" started-at="2023-02-11T13:08:53 IST" name="DemoWeb" finished-at="2023-02-11T13:09:08 IST" duration-ms="14766" status="PASS">
          <params>
            <param index="0">
              <value>
                <![CDATA[chrome]]>
              </value>
            </param>
          </params>
          <reporter-output>
            <line>
              <![CDATA[Demo Web Shop. Register]]>
            </line>
          </reporter-output>
        </test-method> <!-- DemoWeb -->
      </class> <!-- CrossBrowser.ParallelExecutionOfDemo -->
    </test> <!-- chromeTest -->
    <test started-at="2023-02-11T13:08:53 IST" name="firefoxTest" finished-at="2023-02-11T13:09:23 IST" duration-ms="30223">
      <class name="CrossBrowser.ParallelExecutionOfDemo">
        <test-method signature="DemoWeb(java.lang.String)[pri:0, instance:CrossBrowser.ParallelExecutionOfDemo@1f0f1111]" started-at="2023-02-11T13:08:53 IST" name="DemoWeb" finished-at="2023-02-11T13:09:23 IST" duration-ms="30118" status="PASS">
          <params>
            <param index="0">
              <value>
                <![CDATA[firefox]]>
              </value>
            </param>
          </params>
          <reporter-output>
            <line>
              <![CDATA[Demo Web Shop. Register]]>
            </line>
          </reporter-output>
        </test-method> <!-- DemoWeb -->
      </class> <!-- CrossBrowser.ParallelExecutionOfDemo -->
    </test> <!-- firefoxTest -->
  </suite> <!-- Suite -->
</testng-results>
