<?xml version="1.0" encoding="UTF-8"?>
<!-- Generated by org.testng.reporters.JUnitReportReporter -->
<testsuite hostname="DESKTOP-P7OORB0" failures="0" tests="4" name="WorkingWithTestNG.ToUseReporterLogs" time="36.112" errors="0" timestamp="2023-01-02T17:03:54 IST" skipped="0">
  <testcase classname="WorkingWithTestNG.ToUseReporterLogs" name="deleteAccount" time="15.201"/>
  <system-out>
DigiKey Electronics India - Electronic Components Distributor  </system-out>
  <testcase classname="WorkingWithTestNG.ToUseReporterLogs" name="updateAccount" time="4.518"/>
  <system-out>
Welcome to Hindustan Aeronautics Limited | India  </system-out>
  <testcase classname="WorkingWithTestNG.ToUseReporterLogs" name="createAccount" time="11.142"/>
  <system-out>
FireFlink – Test Automation. Redefined.  </system-out>
  <testcase classname="WorkingWithTestNG.ToUseReporterLogs" name="modifyAccount" time="5.251"/>
  <system-out>
Indian Space Research Organisation  </system-out>
</testsuite> <!-- WorkingWithTestNG.ToUseReporterLogs -->
